C:\Program Files (x86)\MSBuild\Microsoft.Cpp\v4.0\V140\Microsoft.CppBuild.targets(392,5): warning MSB8028: The intermediate directory (Debug\) contains files shared from another project (Project1.vcxproj).  This can lead to incorrect clean and rebuild behavior.
<<<<<<< HEAD
  spark.cpp
c:\users\max_000\desktop\abw2\project1\project1\spark.cpp(9): warning C4244: '=': conversion from 'double' to 'int', possible loss of data
c:\users\max_000\desktop\abw2\project1\project1\spark.cpp(10): warning C4244: '=': conversion from 'double' to 'int', possible loss of data
c:\users\max_000\desktop\abw2\project1\project1\spark.cpp(12): warning C4244: '=': conversion from 'double' to 'int', possible loss of data
c:\users\max_000\desktop\abw2\project1\project1\spark.cpp(14): warning C4244: '=': conversion from 'double' to 'int', possible loss of data
  spaceship.cpp
c:\users\max_000\desktop\abw2\project1\project1\spaceship.cpp(48): warning C4244: 'argument': conversion from 'double' to 'int', possible loss of data
  renderer.cpp
c:\users\max_000\desktop\abw2\project1\project1\renderer.cpp(19): warning C4244: 'argument': conversion from 'double' to 'int', possible loss of data
c:\users\max_000\desktop\abw2\project1\project1\renderer.cpp(20): warning C4244: 'argument': conversion from 'double' to 'int', possible loss of data
c:\users\max_000\desktop\abw2\project1\project1\renderer.cpp(21): warning C4244: 'argument': conversion from 'double' to 'int', possible loss of data
c:\users\max_000\desktop\abw2\project1\project1\renderer.cpp(32): warning C4244: '*=': conversion from 'double' to 'int', possible loss of data
c:\users\max_000\desktop\abw2\project1\project1\renderer.cpp(33): warning C4244: '*=': conversion from 'double' to 'int', possible loss of data
c:\users\max_000\desktop\abw2\project1\project1\renderer.cpp(38): warning C4244: '*=': conversion from 'double' to 'int', possible loss of data
c:\users\max_000\desktop\abw2\project1\project1\renderer.cpp(39): warning C4244: '*=': conversion from 'double' to 'int', possible loss of data
c:\users\max_000\desktop\abw2\project1\project1\renderer.cpp(47): warning C4244: '*=': conversion from 'double' to 'int', possible loss of data
c:\users\max_000\desktop\abw2\project1\project1\renderer.cpp(48): warning C4244: '*=': conversion from 'double' to 'int', possible loss of data
c:\users\max_000\desktop\abw2\project1\project1\renderer.cpp(53): warning C4244: '*=': conversion from 'double' to 'int', possible loss of data
c:\users\max_000\desktop\abw2\project1\project1\renderer.cpp(54): warning C4244: '*=': conversion from 'double' to 'int', possible loss of data
c:\users\max_000\desktop\abw2\project1\project1\renderer.cpp(66): warning C4244: '*=': conversion from 'double' to 'int', possible loss of data
c:\users\max_000\desktop\abw2\project1\project1\renderer.cpp(67): warning C4244: '*=': conversion from 'double' to 'int', possible loss of data
c:\users\max_000\desktop\abw2\project1\project1\renderer.cpp(68): warning C4244: '*=': conversion from 'double' to 'int', possible loss of data
c:\users\max_000\desktop\abw2\project1\project1\renderer.cpp(93): warning C4244: '*=': conversion from 'double' to 'int', possible loss of data
c:\users\max_000\desktop\abw2\project1\project1\renderer.cpp(94): warning C4244: '*=': conversion from 'double' to 'int', possible loss of data
c:\users\max_000\desktop\abw2\project1\project1\renderer.cpp(140): warning C4244: '*=': conversion from 'double' to 'int', possible loss of data
c:\users\max_000\desktop\abw2\project1\project1\renderer.cpp(141): warning C4244: '*=': conversion from 'double' to 'int', possible loss of data
c:\users\max_000\desktop\abw2\project1\project1\renderer.cpp(142): warning C4244: '*=': conversion from 'double' to 'int', possible loss of data
c:\users\max_000\desktop\abw2\project1\project1\renderer.cpp(143): warning C4244: '*=': conversion from 'double' to 'int', possible loss of data
c:\users\max_000\desktop\abw2\project1\project1\renderer.cpp(149): warning C4244: '*=': conversion from 'double' to 'int', possible loss of data
c:\users\max_000\desktop\abw2\project1\project1\renderer.cpp(150): warning C4244: '*=': conversion from 'double' to 'int', possible loss of data
c:\users\max_000\desktop\abw2\project1\project1\renderer.cpp(168): warning C4244: '*=': conversion from 'double' to 'int', possible loss of data
c:\users\max_000\desktop\abw2\project1\project1\renderer.cpp(169): warning C4244: '*=': conversion from 'double' to 'int', possible loss of data
c:\users\max_000\desktop\abw2\project1\project1\renderer.cpp(216): warning C4244: '*=': conversion from 'double' to 'int', possible loss of data
c:\users\max_000\desktop\abw2\project1\project1\renderer.cpp(242): warning C4244: '*=': conversion from 'double' to 'int', possible loss of data
c:\users\max_000\desktop\abw2\project1\project1\renderer.cpp(243): warning C4244: '*=': conversion from 'double' to 'int', possible loss of data
c:\users\max_000\desktop\abw2\project1\project1\renderer.cpp(244): warning C4244: '*=': conversion from 'double' to 'int', possible loss of data
c:\users\max_000\desktop\abw2\project1\project1\renderer.cpp(245): warning C4244: '*=': conversion from 'double' to 'int', possible loss of data
  polar.cpp
  missile.cpp
  bullet.cpp
  main.cpp
  item.cpp
  grizzly.cpp
  gravity-missile.cpp
  black.cpp
  asteroid.cpp
  Generating Code...
  Project1.vcxproj -> C:\Users\max_000\Desktop\abw2\Project1\Debug\acsf.exe
=======
  main.cpp
c:\users\max\documents\github\abw2\project1\project1\main.cpp(1180): warning C4474: 'sprintf_s' : too many arguments passed for format string
  c:\users\max\documents\github\abw2\project1\project1\main.cpp(1180): note: placeholders and their parameters expect 0 variadic arguments, but 1 were provided
  Project1.vcxproj -> C:\Users\max\Documents\GitHub\abw2\Project1\Debug\acsf.exe
>>>>>>> origin/master
